{"level":"info","message":"LOGIN Cremona log IN","timestamp":"2016-05-11T09:38:03.957Z"}
{"level":"info","message":"LOGIN Cremona log IN","timestamp":"2016-05-11T09:39:20.965Z"}
{"level":"error","timestamp":"2016-05-11T09:39:46.204Z"}
{"level":"info","message":"LOGIN Cremona log IN","timestamp":"2016-05-11T09:46:03.691Z"}
{"level":"info","message":"LOGIN Cremona log IN","timestamp":"2016-05-11T09:48:28.656Z"}
{"level":"error","timestamp":"2016-05-11T09:48:41.593Z"}
{"level":"info","message":"LOGIN Cremona log IN","timestamp":"2016-05-11T09:49:31.201Z"}
{"level":"error","timestamp":"2016-05-11T09:49:42.661Z"}
{"level":"info","message":"LOGIN Cremona log IN","timestamp":"2016-05-11T09:51:01.672Z"}
{"level":"info","message":"2 CREATE patient {\"id\":1,\"name\":\"0001\",\"updatedAt\":\"2016-05-11T09:51:13.000Z\",\"createdAt\":\"2016-05-11T09:51:13.000Z\"}","timestamp":"2016-05-11T09:51:13.650Z"}
{"level":"info","message":"LOGIN Cremona log IN","timestamp":"2016-05-11T10:12:05.248Z"}
{"level":"error","timestamp":"2016-05-11T10:12:24.580Z"}
{"level":"info","message":"LOGIN Cremona log IN","timestamp":"2016-05-11T10:13:25.145Z"}
{"level":"error","timestamp":"2016-05-11T10:13:35.635Z"}
{"level":"info","message":"LOGIN Cremona log IN","timestamp":"2016-05-11T10:15:20.945Z"}
{"level":"error","timestamp":"2016-05-11T10:15:28.010Z"}
{"level":"info","message":"LOGIN Cremona log IN","timestamp":"2016-05-11T10:16:27.152Z"}
{"level":"error","timestamp":"2016-05-11T10:16:34.216Z"}
{"level":"info","message":"LOGIN Cremona log IN","timestamp":"2016-05-11T10:16:50.194Z"}
{"level":"error","timestamp":"2016-05-11T10:16:57.885Z"}
{"level":"info","message":"LOGIN Cremona log IN","timestamp":"2016-05-11T10:19:23.849Z"}
{"level":"error","timestamp":"2016-05-11T10:19:30.637Z"}
{"level":"info","message":"LOGIN Cremona log IN","timestamp":"2016-05-11T10:19:55.381Z"}
{"level":"error","timestamp":"2016-05-11T10:20:02.691Z"}
{"level":"info","message":"LOGIN Cremona log IN","timestamp":"2016-05-11T10:23:33.153Z"}
{"level":"error","timestamp":"2016-05-11T10:23:40.680Z"}
{"level":"info","message":"LOGIN Cremona log IN","timestamp":"2016-05-11T10:23:57.560Z"}
{"level":"error","timestamp":"2016-05-11T10:24:06.623Z"}
{"level":"info","message":"LOGIN Cremona log IN","timestamp":"2016-05-11T11:16:39.424Z"}
{"level":"error","timestamp":"2016-05-11T11:16:51.052Z"}
{"level":"info","message":"LOGIN Cremona log IN","timestamp":"2016-05-11T11:18:36.312Z"}
{"level":"error","timestamp":"2016-05-11T11:18:42.942Z"}
{"level":"info","message":"LOGIN Cremona log IN","timestamp":"2016-05-11T11:19:22.433Z"}
{"level":"info","message":"2 CREATE patient {\"id\":2,\"scholar\":\"3\",\"ClinicId\":2,\"name\":\"0001\",\"updatedAt\":\"2016-05-11T11:19:34.000Z\",\"createdAt\":\"2016-05-11T11:19:34.000Z\"}","timestamp":"2016-05-11T11:19:34.833Z"}
{"level":"info","message":"3 CREATE patient {\"id\":3,\"scholar\":\"3\",\"ClinicId\":2,\"name\":\"0001\",\"updatedAt\":\"2016-05-11T11:19:36.000Z\",\"createdAt\":\"2016-05-11T11:19:36.000Z\"}","timestamp":"2016-05-11T11:19:36.441Z"}
{"level":"info","message":"LOGIN Cremona log IN","timestamp":"2016-05-11T11:41:55.638Z"}
{"level":"info","message":"4 CREATE patient {\"id\":4,\"scholar\":\"3\",\"ClinicId\":2,\"name\":\"0001\",\"updatedAt\":\"2016-05-11T11:42:05.000Z\",\"createdAt\":\"2016-05-11T11:42:05.000Z\"}","timestamp":"2016-05-11T11:42:05.385Z"}
{"level":"info","message":"LOGIN Cremona log IN","timestamp":"2016-05-11T11:43:34.434Z"}
{"level":"info","message":"5 CREATE patient {\"id\":5,\"scholar\":\"3\",\"ClinicId\":2,\"name\":\"0001\",\"updatedAt\":\"2016-05-11T11:43:41.000Z\",\"createdAt\":\"2016-05-11T11:43:41.000Z\"}","timestamp":"2016-05-11T11:43:41.788Z"}
{"level":"info","message":"4 CREATE Screening {\"id\":4,\"incl1\":\"1\",\"PatientId\":5,\"updatedAt\":\"2016-05-11T11:43:41.000Z\",\"createdAt\":\"2016-05-11T11:43:41.000Z\"}","timestamp":"2016-05-11T11:43:41.796Z"}
{"level":"info","message":"LOGIN Cremona log IN","timestamp":"2016-05-11T11:46:29.827Z"}
{"level":"info","message":"LOGIN Cremona log IN","timestamp":"2016-05-11T11:47:01.339Z"}
{"level":"info","message":"LOGIN Cremona log IN","timestamp":"2016-05-11T11:48:15.197Z"}
{"level":"info","message":"LOGIN Cremona log IN","timestamp":"2016-05-11T11:49:37.631Z"}
{"name":"SequelizeDatabaseError","message":"ER_BAD_FIELD_ERROR: Unknown column 'finalized' in 'field list'","parent":{"code":"ER_BAD_FIELD_ERROR","errno":1054,"sqlState":"42S22","index":0,"sql":"SELECT `id`, `name`, `birth`, `sex`, `marital`, `scholar`, `date`, `firstdatemonth`, `firstdateyear`, `metastatic`, `place`, `metastatic1`, `metastatic2`, `metastatic3`, `metastatic4`, `metastatic5`, `metastatic6`, `metastatic7`, `metastaticother`, `ecog`, `typetreatment`, `finalized`, `createdAt`, `updatedAt`, `ClinicId` FROM `Patients` AS `Patient` WHERE `Patient`.`ClinicId` = 2;"},"original":{"code":"ER_BAD_FIELD_ERROR","errno":1054,"sqlState":"42S22","index":0,"sql":"SELECT `id`, `name`, `birth`, `sex`, `marital`, `scholar`, `date`, `firstdatemonth`, `firstdateyear`, `metastatic`, `place`, `metastatic1`, `metastatic2`, `metastatic3`, `metastatic4`, `metastatic5`, `metastatic6`, `metastatic7`, `metastaticother`, `ecog`, `typetreatment`, `finalized`, `createdAt`, `updatedAt`, `ClinicId` FROM `Patients` AS `Patient` WHERE `Patient`.`ClinicId` = 2;"},"sql":"SELECT `id`, `name`, `birth`, `sex`, `marital`, `scholar`, `date`, `firstdatemonth`, `firstdateyear`, `metastatic`, `place`, `metastatic1`, `metastatic2`, `metastatic3`, `metastatic4`, `metastatic5`, `metastatic6`, `metastatic7`, `metastaticother`, `ecog`, `typetreatment`, `finalized`, `createdAt`, `updatedAt`, `ClinicId` FROM `Patients` AS `Patient` WHERE `Patient`.`ClinicId` = 2;","level":"error","timestamp":"2016-05-11T11:49:37.751Z"}
{"level":"info","message":"LOGIN Cremona log IN","timestamp":"2016-05-11T11:58:04.758Z"}
{"level":"info","message":"LOGIN Cremona log IN","timestamp":"2016-05-11T12:10:09.316Z"}
{"level":"info","message":"LOGIN Cremona log IN","timestamp":"2016-05-11T12:12:15.401Z"}
{"level":"info","message":"LOGIN Cremona log IN","timestamp":"2016-05-11T12:41:35.016Z"}
{"name":"SequelizeDatabaseError","message":"ER_NO_SUCH_TABLE: Table 'hucare.development.Patients' doesn't exist","parent":{"code":"ER_NO_SUCH_TABLE","errno":1146,"sqlState":"42S02","index":0,"sql":"SELECT `id`, `name`, `birth`, `sex`, `marital`, `scholar`, `date`, `firstdatemonth`, `firstdateyear`, `metastatic`, `place`, `metastatic1`, `metastatic2`, `metastatic3`, `metastatic4`, `metastatic5`, `metastatic6`, `metastatic7`, `metastaticother`, `ecog`, `typetreatment`, `finalized`, `createdAt`, `updatedAt`, `ClinicId` FROM `Patients` AS `Patient` WHERE `Patient`.`ClinicId` = 2;"},"original":{"code":"ER_NO_SUCH_TABLE","errno":1146,"sqlState":"42S02","index":0,"sql":"SELECT `id`, `name`, `birth`, `sex`, `marital`, `scholar`, `date`, `firstdatemonth`, `firstdateyear`, `metastatic`, `place`, `metastatic1`, `metastatic2`, `metastatic3`, `metastatic4`, `metastatic5`, `metastatic6`, `metastatic7`, `metastaticother`, `ecog`, `typetreatment`, `finalized`, `createdAt`, `updatedAt`, `ClinicId` FROM `Patients` AS `Patient` WHERE `Patient`.`ClinicId` = 2;"},"sql":"SELECT `id`, `name`, `birth`, `sex`, `marital`, `scholar`, `date`, `firstdatemonth`, `firstdateyear`, `metastatic`, `place`, `metastatic1`, `metastatic2`, `metastatic3`, `metastatic4`, `metastatic5`, `metastatic6`, `metastatic7`, `metastaticother`, `ecog`, `typetreatment`, `finalized`, `createdAt`, `updatedAt`, `ClinicId` FROM `Patients` AS `Patient` WHERE `Patient`.`ClinicId` = 2;","level":"error","timestamp":"2016-05-11T13:53:02.448Z"}
{"name":"SequelizeDatabaseError","message":"ER_NO_SUCH_TABLE: Table 'hucare.development.Patients' doesn't exist","parent":{"code":"ER_NO_SUCH_TABLE","errno":1146,"sqlState":"42S02","index":0,"sql":"SELECT `id`, `name`, `birth`, `sex`, `marital`, `scholar`, `date`, `firstdatemonth`, `firstdateyear`, `metastatic`, `place`, `metastatic1`, `metastatic2`, `metastatic3`, `metastatic4`, `metastatic5`, `metastatic6`, `metastatic7`, `metastaticother`, `ecog`, `typetreatment`, `finalized`, `createdAt`, `updatedAt`, `ClinicId` FROM `Patients` AS `Patient` WHERE `Patient`.`ClinicId` = 2;"},"original":{"code":"ER_NO_SUCH_TABLE","errno":1146,"sqlState":"42S02","index":0,"sql":"SELECT `id`, `name`, `birth`, `sex`, `marital`, `scholar`, `date`, `firstdatemonth`, `firstdateyear`, `metastatic`, `place`, `metastatic1`, `metastatic2`, `metastatic3`, `metastatic4`, `metastatic5`, `metastatic6`, `metastatic7`, `metastaticother`, `ecog`, `typetreatment`, `finalized`, `createdAt`, `updatedAt`, `ClinicId` FROM `Patients` AS `Patient` WHERE `Patient`.`ClinicId` = 2;"},"sql":"SELECT `id`, `name`, `birth`, `sex`, `marital`, `scholar`, `date`, `firstdatemonth`, `firstdateyear`, `metastatic`, `place`, `metastatic1`, `metastatic2`, `metastatic3`, `metastatic4`, `metastatic5`, `metastatic6`, `metastatic7`, `metastaticother`, `ecog`, `typetreatment`, `finalized`, `createdAt`, `updatedAt`, `ClinicId` FROM `Patients` AS `Patient` WHERE `Patient`.`ClinicId` = 2;","level":"error","timestamp":"2016-05-11T13:54:30.117Z"}
{"name":"SequelizeDatabaseError","message":"ER_NO_SUCH_TABLE: Table 'hucare.development.Patients' doesn't exist","parent":{"code":"ER_NO_SUCH_TABLE","errno":1146,"sqlState":"42S02","index":0,"sql":"SELECT `id`, `name`, `birth`, `sex`, `marital`, `scholar`, `date`, `firstdatemonth`, `firstdateyear`, `metastatic`, `place`, `metastatic1`, `metastatic2`, `metastatic3`, `metastatic4`, `metastatic5`, `metastatic6`, `metastatic7`, `metastaticother`, `ecog`, `typetreatment`, `finalized`, `createdAt`, `updatedAt`, `ClinicId` FROM `Patients` AS `Patient` WHERE `Patient`.`ClinicId` = 2;"},"original":{"code":"ER_NO_SUCH_TABLE","errno":1146,"sqlState":"42S02","index":0,"sql":"SELECT `id`, `name`, `birth`, `sex`, `marital`, `scholar`, `date`, `firstdatemonth`, `firstdateyear`, `metastatic`, `place`, `metastatic1`, `metastatic2`, `metastatic3`, `metastatic4`, `metastatic5`, `metastatic6`, `metastatic7`, `metastaticother`, `ecog`, `typetreatment`, `finalized`, `createdAt`, `updatedAt`, `ClinicId` FROM `Patients` AS `Patient` WHERE `Patient`.`ClinicId` = 2;"},"sql":"SELECT `id`, `name`, `birth`, `sex`, `marital`, `scholar`, `date`, `firstdatemonth`, `firstdateyear`, `metastatic`, `place`, `metastatic1`, `metastatic2`, `metastatic3`, `metastatic4`, `metastatic5`, `metastatic6`, `metastatic7`, `metastaticother`, `ecog`, `typetreatment`, `finalized`, `createdAt`, `updatedAt`, `ClinicId` FROM `Patients` AS `Patient` WHERE `Patient`.`ClinicId` = 2;","level":"error","timestamp":"2016-05-11T13:55:33.193Z"}
{"level":"info","message":"LOGIN Cremona log IN","timestamp":"2016-05-11T14:02:51.187Z"}
{"name":"SequelizeDatabaseError","message":"ER_BAD_FIELD_ERROR: Unknown column 'Patient.ClinicId' in 'where clause'","parent":{"code":"ER_BAD_FIELD_ERROR","errno":1054,"sqlState":"42S22","index":0,"sql":"SELECT `id`, `name`, `birth`, `sex`, `marital`, `scholar`, `date`, `firstdatemonth`, `firstdateyear`, `metastatic`, `place`, `metastatic1`, `metastatic2`, `metastatic3`, `metastatic4`, `metastatic5`, `metastatic6`, `metastatic7`, `metastaticother`, `ecog`, `typetreatment`, `finalized`, `createdAt`, `updatedAt` FROM `Patients` AS `Patient` WHERE `Patient`.`ClinicId` = 2;"},"original":{"code":"ER_BAD_FIELD_ERROR","errno":1054,"sqlState":"42S22","index":0,"sql":"SELECT `id`, `name`, `birth`, `sex`, `marital`, `scholar`, `date`, `firstdatemonth`, `firstdateyear`, `metastatic`, `place`, `metastatic1`, `metastatic2`, `metastatic3`, `metastatic4`, `metastatic5`, `metastatic6`, `metastatic7`, `metastaticother`, `ecog`, `typetreatment`, `finalized`, `createdAt`, `updatedAt` FROM `Patients` AS `Patient` WHERE `Patient`.`ClinicId` = 2;"},"sql":"SELECT `id`, `name`, `birth`, `sex`, `marital`, `scholar`, `date`, `firstdatemonth`, `firstdateyear`, `metastatic`, `place`, `metastatic1`, `metastatic2`, `metastatic3`, `metastatic4`, `metastatic5`, `metastatic6`, `metastatic7`, `metastaticother`, `ecog`, `typetreatment`, `finalized`, `createdAt`, `updatedAt` FROM `Patients` AS `Patient` WHERE `Patient`.`ClinicId` = 2;","level":"error","timestamp":"2016-05-11T14:02:51.294Z"}
{"level":"info","message":"LOGIN Cremona log IN","timestamp":"2016-05-13T08:26:02.035Z"}
{"name":"SequelizeDatabaseError","message":"ER_BAD_FIELD_ERROR: Unknown column 'Patient.ClinicId' in 'where clause'","parent":{"code":"ER_BAD_FIELD_ERROR","errno":1054,"sqlState":"42S22","index":0,"sql":"SELECT `id`, `name`, `birth`, `sex`, `marital`, `scholar`, `date`, `firstdatemonth`, `firstdateyear`, `metastatic`, `place`, `metastatic1`, `metastatic2`, `metastatic3`, `metastatic4`, `metastatic5`, `metastatic6`, `metastatic7`, `metastaticother`, `ecog`, `typetreatment`, `finalized`, `createdAt`, `updatedAt` FROM `Patients` AS `Patient` WHERE `Patient`.`ClinicId` = 2;"},"original":{"code":"ER_BAD_FIELD_ERROR","errno":1054,"sqlState":"42S22","index":0,"sql":"SELECT `id`, `name`, `birth`, `sex`, `marital`, `scholar`, `date`, `firstdatemonth`, `firstdateyear`, `metastatic`, `place`, `metastatic1`, `metastatic2`, `metastatic3`, `metastatic4`, `metastatic5`, `metastatic6`, `metastatic7`, `metastaticother`, `ecog`, `typetreatment`, `finalized`, `createdAt`, `updatedAt` FROM `Patients` AS `Patient` WHERE `Patient`.`ClinicId` = 2;"},"sql":"SELECT `id`, `name`, `birth`, `sex`, `marital`, `scholar`, `date`, `firstdatemonth`, `firstdateyear`, `metastatic`, `place`, `metastatic1`, `metastatic2`, `metastatic3`, `metastatic4`, `metastatic5`, `metastatic6`, `metastatic7`, `metastaticother`, `ecog`, `typetreatment`, `finalized`, `createdAt`, `updatedAt` FROM `Patients` AS `Patient` WHERE `Patient`.`ClinicId` = 2;","level":"error","timestamp":"2016-05-13T08:26:02.270Z"}
{"name":"SequelizeDatabaseError","message":"ER_BAD_FIELD_ERROR: Unknown column 'Patient.ClinicId' in 'where clause'","parent":{"code":"ER_BAD_FIELD_ERROR","errno":1054,"sqlState":"42S22","index":0,"sql":"SELECT `id`, `name`, `birth`, `sex`, `marital`, `scholar`, `date`, `firstdatemonth`, `firstdateyear`, `metastatic`, `place`, `metastatic1`, `metastatic2`, `metastatic3`, `metastatic4`, `metastatic5`, `metastatic6`, `metastatic7`, `metastaticother`, `ecog`, `typetreatment`, `finalized`, `createdAt`, `updatedAt` FROM `Patients` AS `Patient` WHERE `Patient`.`ClinicId` = 2;"},"original":{"code":"ER_BAD_FIELD_ERROR","errno":1054,"sqlState":"42S22","index":0,"sql":"SELECT `id`, `name`, `birth`, `sex`, `marital`, `scholar`, `date`, `firstdatemonth`, `firstdateyear`, `metastatic`, `place`, `metastatic1`, `metastatic2`, `metastatic3`, `metastatic4`, `metastatic5`, `metastatic6`, `metastatic7`, `metastaticother`, `ecog`, `typetreatment`, `finalized`, `createdAt`, `updatedAt` FROM `Patients` AS `Patient` WHERE `Patient`.`ClinicId` = 2;"},"sql":"SELECT `id`, `name`, `birth`, `sex`, `marital`, `scholar`, `date`, `firstdatemonth`, `firstdateyear`, `metastatic`, `place`, `metastatic1`, `metastatic2`, `metastatic3`, `metastatic4`, `metastatic5`, `metastatic6`, `metastatic7`, `metastaticother`, `ecog`, `typetreatment`, `finalized`, `createdAt`, `updatedAt` FROM `Patients` AS `Patient` WHERE `Patient`.`ClinicId` = 2;","level":"error","timestamp":"2016-05-13T08:26:07.218Z"}
{"level":"info","message":"LOGIN Cremona log IN","timestamp":"2016-05-13T08:32:47.259Z"}
{"level":"info","message":"LOGIN Cremona log IN","timestamp":"2016-05-13T08:33:08.696Z"}
{"level":"info","message":"LOGIN Cremona log IN","timestamp":"2016-05-13T08:34:36.198Z"}
{"level":"info","message":"LOGIN Cremona log IN","timestamp":"2016-05-13T08:35:56.260Z"}
{"level":"info","message":"LOGIN Cremona log IN","timestamp":"2016-05-13T08:36:33.928Z"}
{"level":"info","message":"LOGIN Cremona log IN","timestamp":"2016-05-13T08:38:10.223Z"}
{"level":"error","timestamp":"2016-05-13T08:38:10.321Z"}
{"level":"info","message":"LOGIN Cremona log IN","timestamp":"2016-05-13T08:44:55.187Z"}
{"level":"error","timestamp":"2016-05-13T08:44:55.288Z"}
{"level":"info","message":"LOGIN Cremona log IN","timestamp":"2016-05-13T08:53:28.609Z"}
{"level":"error","timestamp":"2016-05-13T08:53:28.707Z"}
{"level":"info","message":"LOGIN Cremona log IN","timestamp":"2016-05-13T08:59:26.112Z"}
{"level":"info","message":"LOGIN Cremona log IN","timestamp":"2016-05-13T09:08:41.695Z"}
{"level":"error","timestamp":"2016-05-13T09:08:41.790Z"}
{"level":"info","message":"LOGIN Cremona log IN","timestamp":"2016-05-13T09:09:34.582Z"}
{"level":"error","timestamp":"2016-05-13T09:09:34.680Z"}
{"level":"info","message":"LOGIN Cremona log IN","timestamp":"2016-05-13T09:10:02.696Z"}
{"level":"info","message":"LOGIN Cremona log IN","timestamp":"2016-05-13T09:10:23.212Z"}
{"level":"info","message":"LOGIN Cremona log IN","timestamp":"2016-05-13T09:11:22.596Z"}
{"name":"SequelizeDatabaseError","message":"ER_BAD_FIELD_ERROR: Unknown column 'Screening.where' in 'on clause'","parent":{"code":"ER_BAD_FIELD_ERROR","errno":1054,"sqlState":"42S22","index":0,"sql":"SELECT `Patient`.`id`, `Patient`.`name`, `Patient`.`birth`, `Patient`.`sex`, `Patient`.`marital`, `Patient`.`scholar`, `Patient`.`date`, `Patient`.`firstdatemonth`, `Patient`.`firstdateyear`, `Patient`.`metastatic`, `Patient`.`place`, `Patient`.`metastatic1`, `Patient`.`metastatic2`, `Patient`.`metastatic3`, `Patient`.`metastatic4`, `Patient`.`metastatic5`, `Patient`.`metastatic6`, `Patient`.`metastatic7`, `Patient`.`metastaticother`, `Patient`.`ecog`, `Patient`.`typetreatment`, `Patient`.`finalized`, `Patient`.`createdAt`, `Patient`.`updatedAt`, `Patient`.`ScreeningId`, `Screening`.`id` AS `Screening.id`, `Screening`.`incl1` AS `Screening.incl1`, `Screening`.`incl2` AS `Screening.incl2`, `Screening`.`incl3` AS `Screening.incl3`, `Screening`.`incl4` AS `Screening.incl4`, `Screening`.`incl5` AS `Screening.incl5`, `Screening`.`excl1` AS `Screening.excl1`, `Screening`.`excl2` AS `Screening.excl2`, `Screening`.`excl3` AS `Screening.excl3`, `Screening`.`excl4` AS `Screening.excl4`, `Screening`.`excl5` AS `Screening.excl5`, `Screening`.`excl6` AS `Screening.excl6`, `Screening`.`excl7` AS `Screening.excl7`, `Screening`.`signed` AS `Screening.signed`, `Screening`.`tablet` AS `Screening.tablet`, `Screening`.`consenso` AS `Screening.consenso`, `Screening`.`createdAt` AS `Screening.createdAt`, `Screening`.`updatedAt` AS `Screening.updatedAt`, `Screening`.`ClinicId` AS `Screening.ClinicId` FROM `Patients` AS `Patient` INNER JOIN `Screenings` AS `Screening` ON `Patient`.`ScreeningId` = `Screening`.`id` AND `Screening`.`where` = `ClinicId` = 2;"},"original":{"code":"ER_BAD_FIELD_ERROR","errno":1054,"sqlState":"42S22","index":0,"sql":"SELECT `Patient`.`id`, `Patient`.`name`, `Patient`.`birth`, `Patient`.`sex`, `Patient`.`marital`, `Patient`.`scholar`, `Patient`.`date`, `Patient`.`firstdatemonth`, `Patient`.`firstdateyear`, `Patient`.`metastatic`, `Patient`.`place`, `Patient`.`metastatic1`, `Patient`.`metastatic2`, `Patient`.`metastatic3`, `Patient`.`metastatic4`, `Patient`.`metastatic5`, `Patient`.`metastatic6`, `Patient`.`metastatic7`, `Patient`.`metastaticother`, `Patient`.`ecog`, `Patient`.`typetreatment`, `Patient`.`finalized`, `Patient`.`createdAt`, `Patient`.`updatedAt`, `Patient`.`ScreeningId`, `Screening`.`id` AS `Screening.id`, `Screening`.`incl1` AS `Screening.incl1`, `Screening`.`incl2` AS `Screening.incl2`, `Screening`.`incl3` AS `Screening.incl3`, `Screening`.`incl4` AS `Screening.incl4`, `Screening`.`incl5` AS `Screening.incl5`, `Screening`.`excl1` AS `Screening.excl1`, `Screening`.`excl2` AS `Screening.excl2`, `Screening`.`excl3` AS `Screening.excl3`, `Screening`.`excl4` AS `Screening.excl4`, `Screening`.`excl5` AS `Screening.excl5`, `Screening`.`excl6` AS `Screening.excl6`, `Screening`.`excl7` AS `Screening.excl7`, `Screening`.`signed` AS `Screening.signed`, `Screening`.`tablet` AS `Screening.tablet`, `Screening`.`consenso` AS `Screening.consenso`, `Screening`.`createdAt` AS `Screening.createdAt`, `Screening`.`updatedAt` AS `Screening.updatedAt`, `Screening`.`ClinicId` AS `Screening.ClinicId` FROM `Patients` AS `Patient` INNER JOIN `Screenings` AS `Screening` ON `Patient`.`ScreeningId` = `Screening`.`id` AND `Screening`.`where` = `ClinicId` = 2;"},"sql":"SELECT `Patient`.`id`, `Patient`.`name`, `Patient`.`birth`, `Patient`.`sex`, `Patient`.`marital`, `Patient`.`scholar`, `Patient`.`date`, `Patient`.`firstdatemonth`, `Patient`.`firstdateyear`, `Patient`.`metastatic`, `Patient`.`place`, `Patient`.`metastatic1`, `Patient`.`metastatic2`, `Patient`.`metastatic3`, `Patient`.`metastatic4`, `Patient`.`metastatic5`, `Patient`.`metastatic6`, `Patient`.`metastatic7`, `Patient`.`metastaticother`, `Patient`.`ecog`, `Patient`.`typetreatment`, `Patient`.`finalized`, `Patient`.`createdAt`, `Patient`.`updatedAt`, `Patient`.`ScreeningId`, `Screening`.`id` AS `Screening.id`, `Screening`.`incl1` AS `Screening.incl1`, `Screening`.`incl2` AS `Screening.incl2`, `Screening`.`incl3` AS `Screening.incl3`, `Screening`.`incl4` AS `Screening.incl4`, `Screening`.`incl5` AS `Screening.incl5`, `Screening`.`excl1` AS `Screening.excl1`, `Screening`.`excl2` AS `Screening.excl2`, `Screening`.`excl3` AS `Screening.excl3`, `Screening`.`excl4` AS `Screening.excl4`, `Screening`.`excl5` AS `Screening.excl5`, `Screening`.`excl6` AS `Screening.excl6`, `Screening`.`excl7` AS `Screening.excl7`, `Screening`.`signed` AS `Screening.signed`, `Screening`.`tablet` AS `Screening.tablet`, `Screening`.`consenso` AS `Screening.consenso`, `Screening`.`createdAt` AS `Screening.createdAt`, `Screening`.`updatedAt` AS `Screening.updatedAt`, `Screening`.`ClinicId` AS `Screening.ClinicId` FROM `Patients` AS `Patient` INNER JOIN `Screenings` AS `Screening` ON `Patient`.`ScreeningId` = `Screening`.`id` AND `Screening`.`where` = `ClinicId` = 2;","level":"error","timestamp":"2016-05-13T09:11:22.708Z"}
{"level":"info","message":"LOGIN Cremona log IN","timestamp":"2016-05-13T09:11:58.888Z"}
{"level":"error","message":"LOGIN Cremoan NOT FOUND","timestamp":"2016-05-13T09:13:57.075Z"}
{"level":"info","message":"LOGIN Cremona log IN","timestamp":"2016-05-13T09:14:01.179Z"}
{"level":"info","message":"LOGIN Cremona log IN","timestamp":"2016-05-13T09:36:20.421Z"}
{"level":"info","message":"LOGIN Cremona log IN","timestamp":"2016-05-13T09:46:20.719Z"}
{"level":"info","message":"LOGIN Cremona log IN","timestamp":"2016-05-13T09:53:09.213Z"}
{"level":"info","message":"LOGIN Cremona log IN","timestamp":"2016-05-13T09:53:51.452Z"}
{"name":"SequelizeDatabaseError","message":"ER_BAD_FIELD_ERROR: Unknown column 'Patient.ClinicId' in 'where clause'","parent":{"code":"ER_BAD_FIELD_ERROR","errno":1054,"sqlState":"42S22","index":0,"sql":"SELECT count(*) AS `count` FROM `Patients` AS `Patient` WHERE `Patient`.`ClinicId` = 2;"},"original":{"code":"ER_BAD_FIELD_ERROR","errno":1054,"sqlState":"42S22","index":0,"sql":"SELECT count(*) AS `count` FROM `Patients` AS `Patient` WHERE `Patient`.`ClinicId` = 2;"},"sql":"SELECT count(*) AS `count` FROM `Patients` AS `Patient` WHERE `Patient`.`ClinicId` = 2;","level":"error","timestamp":"2016-05-13T09:54:02.164Z"}
{"level":"info","message":"LOGIN Cremona log IN","timestamp":"2016-05-13T09:55:23.514Z"}
{"name":"SequelizeDatabaseError","message":"ER_BAD_FIELD_ERROR: Unknown column 'Patient.ClinicId' in 'where clause'","parent":{"code":"ER_BAD_FIELD_ERROR","errno":1054,"sqlState":"42S22","index":0,"sql":"SELECT count(*) AS `count` FROM `Patients` AS `Patient` WHERE `Patient`.`ClinicId` = 2;"},"original":{"code":"ER_BAD_FIELD_ERROR","errno":1054,"sqlState":"42S22","index":0,"sql":"SELECT count(*) AS `count` FROM `Patients` AS `Patient` WHERE `Patient`.`ClinicId` = 2;"},"sql":"SELECT count(*) AS `count` FROM `Patients` AS `Patient` WHERE `Patient`.`ClinicId` = 2;","level":"error","timestamp":"2016-05-13T09:55:33.975Z"}
{"name":"SequelizeDatabaseError","message":"ER_BAD_FIELD_ERROR: Unknown column 'Patient.ClinicId' in 'where clause'","parent":{"code":"ER_BAD_FIELD_ERROR","errno":1054,"sqlState":"42S22","index":0,"sql":"SELECT count(*) AS `count` FROM `Patients` AS `Patient` WHERE `Patient`.`ClinicId` = 2;"},"original":{"code":"ER_BAD_FIELD_ERROR","errno":1054,"sqlState":"42S22","index":0,"sql":"SELECT count(*) AS `count` FROM `Patients` AS `Patient` WHERE `Patient`.`ClinicId` = 2;"},"sql":"SELECT count(*) AS `count` FROM `Patients` AS `Patient` WHERE `Patient`.`ClinicId` = 2;","level":"error","timestamp":"2016-05-13T10:27:41.613Z"}
{"level":"info","message":"LOGIN Cremona log IN","timestamp":"2016-05-13T10:30:02.776Z"}
{"level":"info","message":"USER 2 CREATED screening 7 ({\"id\":7,\"incl1\":\"1\",\"incl2\":\"1\",\"incl3\":\"1\",\"incl4\":\"1\",\"incl5\":\"1\",\"excl1\":\"2\",\"excl2\":\"2\",\"excl3\":\"2\",\"excl4\":\"2\",\"excl5\":\"2\",\"excl6\":\"2\",\"excl7\":\"2\",\"signed\":\"1\",\"consenso\":\"2016-05-13\",\"tablet\":null,\"ClinicId\":2,\"updatedAt\":\"2016-05-13T10:33:52.000Z\",\"createdAt\":\"2016-05-13T10:33:52.000Z\"})","timestamp":"2016-05-13T10:33:52.659Z"}
{"level":"info","message":"LOGIN Cremona log IN","timestamp":"2016-05-13T10:39:58.989Z"}
{"level":"info","message":"USER 2 CREATED screening 8 ({\"id\":8,\"incl1\":\"1\",\"incl2\":\"1\",\"incl3\":\"1\",\"incl5\":\"1\",\"incl4\":\"1\",\"excl1\":\"2\",\"excl2\":\"2\",\"excl3\":\"2\",\"excl4\":\"2\",\"excl5\":\"2\",\"excl6\":\"2\",\"excl7\":\"2\",\"signed\":\"1\",\"consenso\":\"2016-05-04\",\"tablet\":null,\"ClinicId\":2,\"updatedAt\":\"2016-05-13T10:40:41.000Z\",\"createdAt\":\"2016-05-13T10:40:41.000Z\"})","timestamp":"2016-05-13T10:40:41.832Z"}
{"level":"info","message":"LOGIN Cremona log IN","timestamp":"2016-05-13T10:42:50.051Z"}
{"level":"info","message":"USER 2 CREATED screening 9 ({\"id\":9,\"incl1\":\"1\",\"incl2\":\"1\",\"incl3\":\"1\",\"incl4\":\"1\",\"incl5\":\"1\",\"excl1\":\"2\",\"excl2\":\"2\",\"excl3\":\"2\",\"excl4\":\"2\",\"excl5\":\"2\",\"excl6\":\"2\",\"excl7\":\"2\",\"signed\":\"1\",\"consenso\":\"2016-05-11\",\"tablet\":null,\"ClinicId\":2,\"updatedAt\":\"2016-05-13T10:43:08.000Z\",\"createdAt\":\"2016-05-13T10:43:08.000Z\"})","timestamp":"2016-05-13T10:43:08.513Z"}
{"level":"info","message":"USER 2 CREATED patient 1 ({\"id\":1,\"birth\":\"2016-05-03\",\"sex\":\"1\",\"marital\":\"1\",\"scholar\":\"2\",\"ScreeningId\":9,\"name\":\"0001\",\"updatedAt\":\"2016-05-13T10:43:08.000Z\",\"createdAt\":\"2016-05-13T10:43:08.000Z\"})","timestamp":"2016-05-13T10:43:08.520Z"}
{"level":"info","message":"LOGIN Cremona log IN","timestamp":"2016-05-13T10:44:06.396Z"}
{"level":"info","message":"USER 2 CREATED screening 10 ({\"id\":10,\"incl1\":\"1\",\"incl2\":\"1\",\"incl3\":\"1\",\"incl5\":\"1\",\"incl4\":\"1\",\"excl1\":\"2\",\"excl2\":\"2\",\"excl3\":\"2\",\"excl4\":\"2\",\"excl5\":\"2\",\"excl6\":\"2\",\"excl7\":\"2\",\"signed\":\"1\",\"consenso\":\"2016-05-11\",\"tablet\":null,\"ClinicId\":2,\"updatedAt\":\"2016-05-13T10:44:39.000Z\",\"createdAt\":\"2016-05-13T10:44:39.000Z\"})","timestamp":"2016-05-13T10:44:39.358Z"}
{"level":"info","message":"USER 2 CREATED patient 2 ({\"id\":2,\"ecog\":\"2\",\"ScreeningId\":10,\"name\":\"0011\",\"updatedAt\":\"2016-05-13T10:44:39.000Z\",\"createdAt\":\"2016-05-13T10:44:39.000Z\"})","timestamp":"2016-05-13T10:44:39.368Z"}
{"level":"info","message":"LOGIN Cremona log IN","timestamp":"2016-05-13T10:45:50.213Z"}
{"level":"info","message":"USER 2 CREATED screening 11 ({\"id\":11,\"incl1\":\"1\",\"incl2\":\"1\",\"incl3\":\"1\",\"incl4\":\"1\",\"incl5\":\"1\",\"excl1\":\"2\",\"excl2\":\"2\",\"excl3\":\"2\",\"excl4\":\"2\",\"excl5\":\"2\",\"excl6\":\"2\",\"excl7\":\"2\",\"signed\":\"1\",\"consenso\":\"2016-05-05\",\"tablet\":null,\"ClinicId\":2,\"updatedAt\":\"2016-05-13T10:46:08.000Z\",\"createdAt\":\"2016-05-13T10:46:08.000Z\"})","timestamp":"2016-05-13T10:46:08.090Z"}
{"level":"info","message":"USER 2 CREATED patient 3 ({\"id\":3,\"marital\":\"2\",\"ScreeningId\":11,\"name\":\"0003\",\"updatedAt\":\"2016-05-13T10:46:08.000Z\",\"createdAt\":\"2016-05-13T10:46:08.000Z\"})","timestamp":"2016-05-13T10:46:08.098Z"}
{"level":"info","message":"USER 2 CREATED screening 12 ({\"id\":12,\"incl1\":\"1\",\"incl2\":\"1\",\"incl3\":\"1\",\"incl4\":\"1\",\"incl5\":\"1\",\"excl1\":\"2\",\"excl2\":\"2\",\"excl3\":\"2\",\"excl4\":\"2\",\"excl5\":\"2\",\"excl6\":\"2\",\"excl7\":\"2\",\"signed\":\"1\",\"consenso\":\"2016-05-11\",\"tablet\":null,\"ClinicId\":2,\"updatedAt\":\"2016-05-13T10:47:48.000Z\",\"createdAt\":\"2016-05-13T10:47:48.000Z\"})","timestamp":"2016-05-13T10:47:48.651Z"}
{"level":"info","message":"USER 2 CREATED patient 4 ({\"id\":4,\"finalized\":false,\"sex\":\"1\",\"ScreeningId\":12,\"name\":\"0004\",\"updatedAt\":\"2016-05-13T10:47:48.000Z\",\"createdAt\":\"2016-05-13T10:47:48.000Z\"})","timestamp":"2016-05-13T10:47:48.655Z"}
{"level":"info","message":"USER 2 CREATED screening 13 ({\"id\":13,\"incl1\":\"1\",\"incl2\":\"1\",\"incl3\":\"1\",\"incl4\":\"1\",\"incl5\":\"1\",\"excl1\":\"2\",\"excl2\":\"2\",\"excl3\":\"2\",\"excl4\":\"2\",\"excl5\":\"2\",\"excl6\":\"2\",\"excl7\":\"2\",\"signed\":\"1\",\"consenso\":\"2016-05-11\",\"tablet\":null,\"ClinicId\":2,\"updatedAt\":\"2016-05-13T10:47:50.000Z\",\"createdAt\":\"2016-05-13T10:47:50.000Z\"})","timestamp":"2016-05-13T10:47:50.025Z"}
{"level":"info","message":"USER 2 CREATED patient 5 ({\"id\":5,\"finalized\":false,\"sex\":\"1\",\"ScreeningId\":13,\"name\":\"0005\",\"updatedAt\":\"2016-05-13T10:47:50.000Z\",\"createdAt\":\"2016-05-13T10:47:50.000Z\"})","timestamp":"2016-05-13T10:47:50.031Z"}
{"level":"info","message":"USER 2 CREATED screening 14 ({\"id\":14,\"incl1\":\"1\",\"incl2\":\"1\",\"incl4\":\"1\",\"incl3\":\"1\",\"incl5\":\"1\",\"excl1\":\"2\",\"excl2\":\"2\",\"excl3\":\"2\",\"excl4\":\"2\",\"excl5\":\"2\",\"excl6\":\"2\",\"excl7\":\"2\",\"signed\":\"1\",\"consenso\":\"2016-05-18\",\"tablet\":null,\"ClinicId\":2,\"updatedAt\":\"2016-05-13T10:48:28.000Z\",\"createdAt\":\"2016-05-13T10:48:28.000Z\"})","timestamp":"2016-05-13T10:48:28.216Z"}
{"level":"info","message":"USER 2 CREATED patient 6 ({\"id\":6,\"ecog\":\"5\",\"ScreeningId\":14,\"name\":\"0006\",\"updatedAt\":\"2016-05-13T10:48:28.000Z\",\"createdAt\":\"2016-05-13T10:48:28.000Z\"})","timestamp":"2016-05-13T10:48:28.220Z"}
{"level":"info","message":"LOGIN Cremona log IN","timestamp":"2016-05-13T10:50:32.841Z"}
{"level":"info","message":"USER 2 CREATED screening 15 ({\"id\":15,\"incl1\":\"1\",\"incl2\":\"1\",\"incl3\":\"1\",\"incl4\":\"1\",\"incl5\":\"1\",\"excl1\":\"2\",\"excl2\":\"2\",\"excl3\":\"2\",\"excl4\":\"2\",\"excl5\":\"2\",\"excl6\":\"2\",\"excl7\":\"2\",\"signed\":\"1\",\"consenso\":\"2016-05-11\",\"tablet\":null,\"ClinicId\":2,\"updatedAt\":\"2016-05-13T10:51:53.000Z\",\"createdAt\":\"2016-05-13T10:51:53.000Z\"})","timestamp":"2016-05-13T10:51:53.633Z"}
{"level":"info","message":"USER 2 CREATED patient 7 ({\"id\":7,\"ScreeningId\":15,\"name\":\"0001\",\"updatedAt\":\"2016-05-13T10:51:53.000Z\",\"createdAt\":\"2016-05-13T10:51:53.000Z\"})","timestamp":"2016-05-13T10:51:53.646Z"}
{"level":"info","message":"USER 2 CREATED screening 16 ({\"id\":16,\"incl1\":\"1\",\"incl2\":\"1\",\"incl3\":\"1\",\"incl4\":\"1\",\"incl5\":\"1\",\"excl1\":\"2\",\"excl2\":\"2\",\"excl3\":\"2\",\"excl4\":\"2\",\"excl5\":\"2\",\"excl6\":\"2\",\"excl7\":\"2\",\"signed\":\"1\",\"consenso\":\"2016-05-12\",\"tablet\":null,\"ClinicId\":2,\"updatedAt\":\"2016-05-13T10:52:30.000Z\",\"createdAt\":\"2016-05-13T10:52:30.000Z\"})","timestamp":"2016-05-13T10:52:30.112Z"}
{"level":"info","message":"USER 2 CREATED patient 8 ({\"id\":8,\"scholar\":\"2\",\"ScreeningId\":16,\"name\":\"0002\",\"updatedAt\":\"2016-05-13T10:52:30.000Z\",\"createdAt\":\"2016-05-13T10:52:30.000Z\"})","timestamp":"2016-05-13T10:52:30.116Z"}
{"level":"info","message":"LOGIN Cremona log IN","timestamp":"2016-05-13T12:25:27.741Z"}
{"level":"info","message":"LOGIN Cremona log IN","timestamp":"2016-05-13T12:44:57.037Z"}
{"level":"info","message":"LOGIN Cremona log IN","timestamp":"2016-05-13T12:46:08.712Z"}
{"level":"info","message":"LOGIN Cremona log IN","timestamp":"2016-05-13T12:46:56.504Z"}
{"level":"info","message":"LOGIN Cremona log IN","timestamp":"2016-05-13T12:48:40.749Z"}
{"level":"info","message":"LOGIN Cremona log IN","timestamp":"2016-05-13T12:51:00.379Z"}
{"level":"info","message":"LOGIN Cremona log IN","timestamp":"2016-05-13T12:51:59.830Z"}
{"level":"info","message":"LOGIN Cremona log IN","timestamp":"2016-05-13T12:53:03.526Z"}
{"level":"info","message":"LOGIN Cremona log IN","timestamp":"2016-05-13T13:12:40.046Z"}
{"name":"SequelizeValidationError","message":"1 is not a valid choice in [\"1\",\"2\",\"3\",\"4\",\"5\",\"6\",\"7\",\"8\",\"9\",\"10\",\"11\",\"12\"]","errors":[],"level":"error","timestamp":"2016-05-13T13:17:08.180Z"}
{"name":"SequelizeValidationError","message":"1 is not a valid choice in [\"1\",\"2\",\"3\",\"4\",\"5\",\"6\",\"7\",\"8\",\"9\",\"10\",\"11\",\"12\"]","errors":[],"level":"error","timestamp":"2016-05-13T13:17:31.296Z"}
{"level":"info","message":"LOGIN Cremona log IN","timestamp":"2016-05-13T13:18:11.570Z"}
{"name":"SequelizeValidationError","message":"1 is not a valid choice in [\"1\",\"2\",\"3\",\"4\",\"5\",\"6\",\"7\",\"8\",\"9\",\"10\",\"11\",\"12\"]","errors":[],"level":"error","timestamp":"2016-05-13T13:18:31.550Z"}
{"level":"error","message":"LOGIN Cremona INVALID password","timestamp":"2016-05-13T13:23:12.773Z"}
{"level":"info","message":"LOGIN Cremona log IN","timestamp":"2016-05-13T13:23:15.144Z"}
{"level":"info","message":"2 UPDATE patient {\"id\":8,\"name\":\"0002\",\"birth\":\"1998-05-03\",\"sex\":\"1\",\"marital\":\"1\",\"scholar\":\"2\",\"date\":\"2016-05-10\",\"firstdatemonth\":4,\"firstdateyear\":1998,\"metastatic\":\"2\",\"place\":\"4\",\"metastatic1\":null,\"metastatic2\":null,\"metastatic3\":null,\"metastatic4\":null,\"metastatic5\":null,\"metastatic6\":null,\"metastatic7\":null,\"metastaticother\":\"\",\"ecog\":\"4\",\"typetreatment\":\"1\",\"finalized\":null,\"createdAt\":\"2016-05-13T10:52:30.000Z\",\"updatedAt\":\"2016-05-13T13:23:49.000Z\",\"ScreeningId\":16}","timestamp":"2016-05-13T13:23:49.502Z"}
{"level":"info","message":"2 UPDATE patient {\"id\":8,\"name\":\"0002\",\"birth\":\"1998-05-03T00:00:00.000Z\",\"sex\":\"1\",\"marital\":\"1\",\"scholar\":\"2\",\"date\":\"2016-05-10T00:00:00.000Z\",\"firstdatemonth\":4,\"firstdateyear\":1998,\"metastatic\":\"2\",\"place\":\"4\",\"metastatic1\":null,\"metastatic2\":null,\"metastatic3\":null,\"metastatic4\":null,\"metastatic5\":null,\"metastatic6\":null,\"metastatic7\":null,\"metastaticother\":\"\",\"ecog\":\"4\",\"typetreatment\":\"1\",\"finalized\":null,\"createdAt\":\"2016-05-13T10:52:30.000Z\",\"updatedAt\":\"2016-05-13T13:26:50.000Z\",\"ScreeningId\":16}","timestamp":"2016-05-13T13:26:50.562Z"}
{"level":"info","message":"2 UPDATE patient {\"id\":8,\"name\":\"0002\",\"birth\":\"1998-05-03T00:00:00.000Z\",\"sex\":\"1\",\"marital\":\"1\",\"scholar\":\"2\",\"date\":\"2016-05-10T00:00:00.000Z\",\"firstdatemonth\":4,\"firstdateyear\":1998,\"metastatic\":\"2\",\"place\":\"4\",\"metastatic1\":null,\"metastatic2\":null,\"metastatic3\":null,\"metastatic4\":null,\"metastatic5\":null,\"metastatic6\":null,\"metastatic7\":null,\"metastaticother\":\"\",\"ecog\":\"4\",\"typetreatment\":\"1\",\"finalized\":null,\"createdAt\":\"2016-05-13T10:52:30.000Z\",\"updatedAt\":\"2016-05-13T13:49:44.000Z\",\"ScreeningId\":16}","timestamp":"2016-05-13T13:49:44.906Z"}
{"name":"SequelizeValidationError","message":"true is not a valid choice in [\"0\",\"1\"]","errors":[],"level":"error","timestamp":"2016-05-13T14:50:29.274Z"}
{"level":"info","message":"LOGIN Cremona log IN","timestamp":"2016-05-13T14:52:33.499Z"}
{"level":"info","message":"USER 2 CREATED screening 1 ({\"id\":1,\"incl1\":\"1\",\"incl2\":\"1\",\"incl3\":\"1\",\"incl4\":\"1\",\"incl5\":\"1\",\"excl1\":\"2\",\"excl2\":\"2\",\"excl3\":\"2\",\"excl4\":\"2\",\"excl5\":\"2\",\"excl6\":\"2\",\"excl7\":\"2\",\"signed\":\"1\",\"consenso\":\"2016-05-11\",\"tablet\":null,\"ClinicId\":2,\"updatedAt\":\"2016-05-13T14:53:09.000Z\",\"createdAt\":\"2016-05-13T14:53:09.000Z\"})","timestamp":"2016-05-13T14:53:09.816Z"}
{"level":"info","message":"USER 2 CREATED patient 1 ({\"id\":1,\"birth\":\"1998-05-11\",\"sex\":\"1\",\"marital\":\"1\",\"scholar\":\"2\",\"finalized\":true,\"date\":\"2016-05-02\",\"firstdatemonth\":5,\"firstdateyear\":1992,\"metastatic\":\"2\",\"metastatic1\":null,\"metastatic2\":null,\"metastatic3\":null,\"metastatic4\":null,\"metastatic5\":null,\"metastatic6\":null,\"metastatic7\":null,\"metastaticother\":\"\",\"place\":\"11\",\"ecog\":\"3\",\"typetreatment\":\"1\",\"ScreeningId\":1,\"name\":\"0001\",\"updatedAt\":\"2016-05-13T14:53:09.000Z\",\"createdAt\":\"2016-05-13T14:53:09.000Z\"})","timestamp":"2016-05-13T14:53:09.824Z"}
{"level":"info","message":"LOGIN Cremona log IN","timestamp":"2016-05-13T15:00:57.540Z"}
{"level":"info","message":"LOGIN Cremona log IN","timestamp":"2016-05-13T15:20:25.396Z"}
{"level":"info","message":"LOGIN Cremona log IN","timestamp":"2016-05-13T15:43:40.334Z"}
{"level":"info","message":"LOGIN Cremona log IN","timestamp":"2016-05-13T15:44:11.977Z"}
{"level":"info","message":"LOGIN Cremona log IN","timestamp":"2016-05-13T16:15:08.303Z"}
{"level":"info","message":"LOGIN Cremona log IN","timestamp":"2016-05-13T16:25:37.465Z"}
{"level":"info","message":"LOGIN admin log IN","timestamp":"2016-05-13T16:29:06.976Z"}
{"level":"info","message":"LOGIN admin log IN","timestamp":"2016-05-13T16:34:04.284Z"}
{"level":"info","message":"LOGIN Cremona log IN","timestamp":"2016-05-13T16:39:42.147Z"}
{"level":"info","message":"LOGIN Cremona log IN","timestamp":"2016-05-13T16:55:50.942Z"}
{"level":"info","message":"USER 2 CREATED screening 2 ({\"id\":2,\"incl1\":\"1\",\"incl2\":\"1\",\"incl3\":\"1\",\"incl4\":\"1\",\"incl5\":\"1\",\"excl1\":\"2\",\"excl2\":\"2\",\"excl3\":\"2\",\"excl4\":\"2\",\"excl5\":\"2\",\"excl6\":\"2\",\"excl7\":\"2\",\"signed\":\"1\",\"consenso\":\"2016-05-11\",\"tablet\":null,\"ClinicId\":2,\"updatedAt\":\"2016-05-13T17:02:23.000Z\",\"createdAt\":\"2016-05-13T17:02:23.000Z\"})","timestamp":"2016-05-13T17:02:23.984Z"}
{"level":"info","message":"USER 2 CREATED patient 2 ({\"id\":2,\"birth\":\"1998-05-01\",\"sex\":\"2\",\"marital\":\"1\",\"scholar\":\"2\",\"finalized\":true,\"firstdatemonth\":5,\"firstdateyear\":1991,\"metastatic\":\"2\",\"place\":\"10\",\"date\":\"2016-05-02\",\"metastatic1\":null,\"metastatic2\":null,\"metastatic3\":null,\"metastatic4\":null,\"metastatic5\":null,\"metastatic6\":null,\"metastatic7\":null,\"metastaticother\":\"\",\"ecog\":\"0\",\"typetreatment\":\"1\",\"ScreeningId\":2,\"name\":\"0002\",\"updatedAt\":\"2016-05-13T17:02:23.000Z\",\"createdAt\":\"2016-05-13T17:02:23.000Z\"})","timestamp":"2016-05-13T17:02:24.000Z"}
{"level":"info","message":"LOGIN Cremona log IN","timestamp":"2016-05-13T17:03:06.103Z"}
{"level":"info","message":"USER 2 CREATED screening 3 ({\"id\":3,\"incl1\":\"1\",\"incl2\":\"1\",\"incl3\":\"1\",\"incl4\":\"1\",\"incl5\":\"1\",\"excl1\":\"2\",\"excl2\":\"2\",\"excl3\":\"2\",\"excl4\":\"2\",\"excl5\":\"2\",\"excl6\":\"2\",\"excl7\":\"2\",\"signed\":\"1\",\"consenso\":\"2016-05-12\",\"tablet\":null,\"ClinicId\":2,\"updatedAt\":\"2016-05-13T17:03:33.000Z\",\"createdAt\":\"2016-05-13T17:03:33.000Z\"})","timestamp":"2016-05-13T17:03:33.239Z"}
{"level":"info","message":"USER 2 CREATED patient 3 ({\"id\":3,\"birth\":\"1998-05-01\",\"sex\":\"2\",\"marital\":\"1\",\"scholar\":\"1\",\"date\":\"2016-05-01\",\"firstdatemonth\":3,\"firstdateyear\":1992,\"metastatic\":\"2\",\"metastatic1\":null,\"metastatic2\":null,\"metastatic3\":null,\"metastatic4\":null,\"metastatic5\":null,\"metastatic6\":null,\"metastatic7\":null,\"metastaticother\":\"\",\"place\":\"11\",\"ecog\":\"2\",\"typetreatment\":\"3\",\"finalized\":true,\"ScreeningId\":3,\"name\":\"0003\",\"updatedAt\":\"2016-05-13T17:03:33.000Z\",\"createdAt\":\"2016-05-13T17:03:33.000Z\"})","timestamp":"2016-05-13T17:03:33.250Z"}
{"level":"info","message":"LOGIN Cremona log IN","timestamp":"2016-05-13T17:04:17.537Z"}
{"level":"info","message":"USER 2 CREATED screening 4 ({\"id\":4,\"incl1\":\"1\",\"incl2\":\"1\",\"incl3\":\"1\",\"incl4\":\"1\",\"incl5\":\"1\",\"excl1\":\"2\",\"excl2\":\"2\",\"excl3\":\"2\",\"excl4\":\"2\",\"excl5\":\"2\",\"excl6\":\"2\",\"excl7\":\"2\",\"signed\":\"1\",\"consenso\":\"2016-05-10\",\"tablet\":null,\"ClinicId\":2,\"updatedAt\":\"2016-05-13T17:04:45.000Z\",\"createdAt\":\"2016-05-13T17:04:45.000Z\"})","timestamp":"2016-05-13T17:04:45.361Z"}
{"level":"info","message":"USER 2 CREATED patient 4 ({\"id\":4,\"birth\":\"1998-05-04\",\"sex\":\"2\",\"marital\":\"1\",\"scholar\":\"2\",\"date\":\"2016-05-02\",\"firstdatemonth\":4,\"firstdateyear\":1992,\"metastatic\":\"2\",\"metastatic1\":null,\"metastatic2\":null,\"metastatic3\":null,\"metastatic4\":null,\"metastatic5\":null,\"metastatic6\":null,\"metastatic7\":null,\"metastaticother\":\"\",\"place\":\"11\",\"ecog\":\"3\",\"typetreatment\":\"2\",\"finalized\":true,\"ScreeningId\":4,\"name\":\"0003\",\"updatedAt\":\"2016-05-13T17:04:45.000Z\",\"createdAt\":\"2016-05-13T17:04:45.000Z\"})","timestamp":"2016-05-13T17:04:45.369Z"}
{"level":"info","message":"LOGIN Cremona log IN","timestamp":"2016-05-13T17:06:00.947Z"}
{"level":"info","message":"LOGIN Cremona log IN","timestamp":"2016-05-13T17:07:18.379Z"}
{"level":"info","message":"LOGIN Cremona log IN","timestamp":"2016-05-13T17:08:25.843Z"}
{"name":"SequelizeDatabaseError","message":"ER_BAD_FIELD_ERROR: Unknown column 'Screening.name' in 'field list'","parent":{"code":"ER_BAD_FIELD_ERROR","errno":1054,"sqlState":"42S22","index":0,"sql":"SELECT `Patient`.`id`, `Patient`.`name`, `Patient`.`birth`, `Patient`.`sex`, `Patient`.`marital`, `Patient`.`scholar`, `Patient`.`date`, `Patient`.`firstdatemonth`, `Patient`.`firstdateyear`, `Patient`.`metastatic`, `Patient`.`place`, `Patient`.`metastatic1`, `Patient`.`metastatic2`, `Patient`.`metastatic3`, `Patient`.`metastatic4`, `Patient`.`metastatic5`, `Patient`.`metastatic6`, `Patient`.`metastatic7`, `Patient`.`metastaticother`, `Patient`.`ecog`, `Patient`.`typetreatment`, `Patient`.`finalized`, `Patient`.`createdAt`, `Patient`.`updatedAt`, `Patient`.`ScreeningId`, `Screening`.`id` AS `Screening.id`, `Screening`.`name` AS `Screening.name`, `Screening.Clinic`.`id` AS `Screening.Clinic.id`, `Screening.Clinic`.`name` AS `Screening.Clinic.name`, `Screening.Clinic`.`abbr` AS `Screening.Clinic.abbr` FROM `Patients` AS `Patient` INNER JOIN `Screenings` AS `Screening` ON `Patient`.`ScreeningId` = `Screening`.`id` AND `Screening`.`ClinicId` = '2' LEFT OUTER JOIN `Clinics` AS `Screening.Clinic` ON `Screening`.`ClinicId` = `Screening.Clinic`.`id`;"},"original":{"code":"ER_BAD_FIELD_ERROR","errno":1054,"sqlState":"42S22","index":0,"sql":"SELECT `Patient`.`id`, `Patient`.`name`, `Patient`.`birth`, `Patient`.`sex`, `Patient`.`marital`, `Patient`.`scholar`, `Patient`.`date`, `Patient`.`firstdatemonth`, `Patient`.`firstdateyear`, `Patient`.`metastatic`, `Patient`.`place`, `Patient`.`metastatic1`, `Patient`.`metastatic2`, `Patient`.`metastatic3`, `Patient`.`metastatic4`, `Patient`.`metastatic5`, `Patient`.`metastatic6`, `Patient`.`metastatic7`, `Patient`.`metastaticother`, `Patient`.`ecog`, `Patient`.`typetreatment`, `Patient`.`finalized`, `Patient`.`createdAt`, `Patient`.`updatedAt`, `Patient`.`ScreeningId`, `Screening`.`id` AS `Screening.id`, `Screening`.`name` AS `Screening.name`, `Screening.Clinic`.`id` AS `Screening.Clinic.id`, `Screening.Clinic`.`name` AS `Screening.Clinic.name`, `Screening.Clinic`.`abbr` AS `Screening.Clinic.abbr` FROM `Patients` AS `Patient` INNER JOIN `Screenings` AS `Screening` ON `Patient`.`ScreeningId` = `Screening`.`id` AND `Screening`.`ClinicId` = '2' LEFT OUTER JOIN `Clinics` AS `Screening.Clinic` ON `Screening`.`ClinicId` = `Screening.Clinic`.`id`;"},"sql":"SELECT `Patient`.`id`, `Patient`.`name`, `Patient`.`birth`, `Patient`.`sex`, `Patient`.`marital`, `Patient`.`scholar`, `Patient`.`date`, `Patient`.`firstdatemonth`, `Patient`.`firstdateyear`, `Patient`.`metastatic`, `Patient`.`place`, `Patient`.`metastatic1`, `Patient`.`metastatic2`, `Patient`.`metastatic3`, `Patient`.`metastatic4`, `Patient`.`metastatic5`, `Patient`.`metastatic6`, `Patient`.`metastatic7`, `Patient`.`metastaticother`, `Patient`.`ecog`, `Patient`.`typetreatment`, `Patient`.`finalized`, `Patient`.`createdAt`, `Patient`.`updatedAt`, `Patient`.`ScreeningId`, `Screening`.`id` AS `Screening.id`, `Screening`.`name` AS `Screening.name`, `Screening.Clinic`.`id` AS `Screening.Clinic.id`, `Screening.Clinic`.`name` AS `Screening.Clinic.name`, `Screening.Clinic`.`abbr` AS `Screening.Clinic.abbr` FROM `Patients` AS `Patient` INNER JOIN `Screenings` AS `Screening` ON `Patient`.`ScreeningId` = `Screening`.`id` AND `Screening`.`ClinicId` = '2' LEFT OUTER JOIN `Clinics` AS `Screening.Clinic` ON `Screening`.`ClinicId` = `Screening.Clinic`.`id`;","level":"error","timestamp":"2016-05-16T12:09:25.516Z"}
{"level":"error","timestamp":"2016-05-16T12:35:35.300Z"}
{"level":"info","message":"LOGIN Cremona@assistenza.it log IN","timestamp":"2016-05-16T14:15:46.963Z"}
{"level":"info","message":"LOGIN Cremona@assistenza.it log IN","timestamp":"2016-05-16T14:23:17.341Z"}
{"level":"info","message":"LOGIN Cremona@assistenza.it log IN","timestamp":"2016-05-16T15:48:31.164Z"}
{"level":"info","message":"LOGIN Cremona@assistenza.it log IN","timestamp":"2016-05-16T16:00:59.859Z"}
{"level":"info","message":"LOGIN Cremona@assistenza.it log IN","timestamp":"2016-05-16T16:02:50.216Z"}
{"level":"info","message":"LOGIN Cremona@assistenza.it log IN","timestamp":"2016-05-16T16:08:21.813Z"}
{"level":"info","message":"LOGIN Cremona@assistenza.it log IN","timestamp":"2016-05-16T16:17:09.870Z"}
